2025-09-13 19:35:58 [INFO]: [SERVER] Test server startup {"service":"watergb-backend","test":true,"type":"server"}
2025-09-13 19:35:58 [INFO]: [CONNECTIVITY] Test connectivity check {"service":"watergb-backend","url":"http://test.com","type":"connectivity"}
2025-09-13 19:35:58 [INFO]: [AUTH] Test login successful for user: testuser {"service":"watergb-backend","action":"Test login","username":"testuser","success":true,"ip":"127.0.0.1","type":"authentication"}
2025-09-13 19:35:58 [INFO]: [DATABASE] SELECT on test_table completed in 50ms {"service":"watergb-backend","operation":"SELECT","table":"test_table","duration":50,"type":"database"}
2025-09-13 19:35:58 [ERROR]: [ERROR] Test error {"service":"watergb-backend","error":"This is a test error","stack":"Error: This is a test error\n    at Object.<anonymous> (C:\\Users\\elsaj\\OneDrive\\Desktop\\waterGB\\test-logging.js:12:31)\n    at Module._compile (node:internal/modules/cjs/loader:1376:14)\n    at Module._extensions..js (node:internal/modules/cjs/loader:1435:10)\n    at Module.load (node:internal/modules/cjs/loader:1207:32)\n    at Module._load (node:internal/modules/cjs/loader:1023:12)\n    at Function.executeUserEntryPoint [as runMain] (node:internal/modules/run_main:135:12)\n    at node:internal/main/run_main_module:28:49","type":"error"}
2025-09-13 19:35:58 [INFO]: [REQUEST] GET /api/test - 200 {"service":"watergb-backend","method":"GET","url":"/api/test","ip":"127.0.0.1","userAgent":"Test Agent","statusCode":200,"responseTime":100,"contentLength":"100","type":"request"}
