2025-09-13 19:35:58 [ERROR]: [ERROR] Test error {"service":"watergb-backend","error":"This is a test error","stack":"Error: This is a test error\n    at Object.<anonymous> (C:\\Users\\elsaj\\OneDrive\\Desktop\\waterGB\\test-logging.js:12:31)\n    at Module._compile (node:internal/modules/cjs/loader:1376:14)\n    at Module._extensions..js (node:internal/modules/cjs/loader:1435:10)\n    at Module.load (node:internal/modules/cjs/loader:1207:32)\n    at Module._load (node:internal/modules/cjs/loader:1023:12)\n    at Function.executeUserEntryPoint [as runMain] (node:internal/modules/run_main:135:12)\n    at node:internal/main/run_main_module:28:49","type":"error"}
